\BOOKMARK [1][-]{section.1}{\376\377\137\025\212\000\000\040\000\050\000I\000n\000t\000r\000o\000d\000u\000c\000t\000i\000o\000n\000\051}{}% 1
\BOOKMARK [2][-]{subsection.1.1}{\376\377\117\341\140\157\136\002\127\072\166\204\121\164\215\167}{section.1}% 2
\BOOKMARK [2][-]{subsection.1.2}{\376\377\116\000\116\052\121\167\117\123\117\213\133\120\377\032\136\177\124\112\125\106\166\204\126\360\130\203}{section.1}% 3
\BOOKMARK [2][-]{subsection.1.3}{\376\377\150\070\137\303\143\021\142\030\377\032\117\341\140\157\225\000\125\056\116\072\117\125\116\016\117\027\116\015\124\014}{section.1}% 4
\BOOKMARK [2][-]{subsection.1.4}{\376\377\170\024\172\166\166\356\150\007\377\032\213\276\213\241\147\000\117\030\147\072\122\066}{section.1}% 5
\BOOKMARK [1][-]{section.2}{\376\377\225\356\230\230\166\204\137\142\137\017\123\026\000\040\000\050\000F\000o\000r\000m\000a\000l\000i\000z\000i\000n\000g\000\040\000t\000h\000e\000\040\000P\000r\000o\000b\000l\000e\000m\000\051}{}% 6
\BOOKMARK [2][-]{subsection.2.1}{\376\377\150\070\137\303\211\201\175\040\377\032\116\012\116\013\145\207\000\040\000\050\000C\000o\000n\000t\000e\000x\000t\000\051\000\050\000u\000,\000\051}{section.2}% 7
\BOOKMARK [2][-]{subsection.2.2}{\376\377\116\160\145\271\166\204\166\356\150\007\377\032\147\000\131\047\123\026\145\110\165\050}{section.2}% 8
\BOOKMARK [2][-]{subsection.2.3}{\376\377\123\126\145\271\166\204\166\356\150\007\377\032\147\000\131\047\123\026\145\066\166\312}{section.2}% 9
\BOOKMARK [2][-]{subsection.2.4}{\376\377\122\035\153\145\134\035\213\325\377\032\040\034\133\306\134\001\117\341\134\001\040\035\147\072\122\066\000\040\000\050\000T\000h\000e\000\040\000"\000S\000e\000a\000l\000e\000d\000\040\000E\000n\000v\000e\000l\000o\000p\000e\000"\000\040\000M\000e\000c\000h\000a\000n\000i\000s\000m\000\051}{section.2}% 10
\BOOKMARK [2][-]{subsection.2.5}{\376\377\171\072\117\213}{section.2}% 11
\BOOKMARK [1][-]{section.3}{\376\377\220\032\165\050\116\244\116\222\123\117\213\256\116\016\146\076\171\072\123\237\164\006\000\040\000\050\000G\000e\000n\000e\000r\000a\000l\000\040\000P\000r\000o\000t\000o\000c\000o\000l\000s\000\040\000a\000n\000d\000\040\000t\000h\000e\000\040\000R\000e\000v\000e\000l\000a\000t\000i\000o\000n\000\040\000P\000r\000i\000n\000c\000i\000p\000l\000e\000\051}{}% 12
\BOOKMARK [2][-]{subsection.3.1}{\376\377\143\317\217\360\116\000\122\007\123\357\200\375\377\032\220\032\165\050\116\244\116\222\123\117\213\256\000\040\000\050\000G\000e\000n\000e\000r\000i\000c\000\040\000I\000n\000t\000e\000r\000a\000c\000t\000i\000v\000e\000\040\000P\000r\000o\000t\000o\000c\000o\000l\000\051}{section.3}% 13
\BOOKMARK [2][-]{subsection.3.2}{\376\377\147\072\122\066\213\276\213\241\166\204\127\372\167\363\377\032\146\076\171\072\123\237\164\006\000\040\000\050\000T\000h\000e\000\040\000R\000e\000v\000e\000l\000a\000t\000i\000o\000n\000\040\000P\000r\000i\000n\000c\000i\000p\000l\000e\000\051}{section.3}% 14
\BOOKMARK [2][-]{subsection.3.3}{\376\377\146\364\217\333\116\000\153\145\377\032\123\125\217\156\146\076\171\072\147\072\122\066\000\040\000\050\000O\000n\000e\000-\000R\000o\000u\000n\000d\000\040\000R\000e\000v\000e\000l\000a\000t\000i\000o\000n\000\051}{section.3}% 15
\BOOKMARK [2][-]{subsection.3.4}{\376\377\230\204\173\227\176\246\147\137\116\013\166\204\173\200\123\026}{section.3}% 16
\BOOKMARK [1][-]{section.4}{\376\377\154\102\211\343\147\000\117\030\147\072\122\066\377\032\116\316\162\354\172\313\117\341\123\367\122\060\124\250\213\342\147\072\122\066}{}% 17
\BOOKMARK [2][-]{subsection.4.1}{\376\377\162\354\172\313\117\341\123\367\116\013\166\204\147\000\117\030\147\072\122\066}{section.4}% 18
\BOOKMARK [3][-]{subsubsection.4.1.1}{\376\377\124\010\176\246\203\334\123\125\166\204\211\306\211\322}{subsection.4.1}% 19
\BOOKMARK [3][-]{subsubsection.4.1.2}{\376\377\117\341\140\157\166\204\145\160\133\146\210\150\171\072\377\032\116\316\117\341\123\367\122\060\124\016\232\214}{subsection.4.1}% 20
\BOOKMARK [3][-]{subsubsection.4.1.3}{\376\377\147\204\136\372\176\277\140\047\211\304\122\022\000\040\000\050\000L\000P\000\051}{subsection.4.1}% 21
\BOOKMARK [3][-]{subsubsection.4.1.4}{\376\377\116\000\116\052\121\167\117\123\166\204\213\241\173\227\117\213\133\120}{subsection.4.1}% 22
\BOOKMARK [2][-]{subsection.4.2}{\376\377\137\025\121\145\230\204\173\227\176\246\147\137\377\032\124\250\213\342\147\072\122\066\166\204\213\336\165\037}{section.4}% 23
\BOOKMARK [3][-]{subsubsection.4.2.1}{\376\377\124\250\213\342\147\072\122\066\166\204\176\277\140\047\211\304\122\022\000\040\000\050\000L\000P\000\051}{subsection.4.2}% 24
\BOOKMARK [3][-]{subsubsection.4.2.2}{\376\377\171\301\147\011\230\204\173\227\116\016\133\130\153\076\000-\217\324\217\330\147\072\122\066}{subsection.4.2}% 25
\BOOKMARK [2][-]{subsection.4.3}{\376\377\176\310\147\201\143\021\142\030\377\032\166\370\121\163\117\341\123\367\116\016\151\202\163\207\140\047\217\324\217\330}{section.4}% 26
\BOOKMARK [1][-]{section.5}{\376\377\121\163\225\056\133\232\164\006\116\016\213\301\146\016\000\040\000\050\000K\000e\000y\000\040\000T\000h\000e\000o\000r\000e\000m\000s\000\040\000a\000n\000d\000\040\000P\000r\000o\000o\000f\000s\000\051\000\040}{}% 27
\BOOKMARK [2][-]{subsection.5.1}{\376\377\000C\000M\000-\000p\000r\000o\000b\000R\133\232\164\006}{section.5}% 28
\BOOKMARK [2][-]{subsection.5.2}{\376\377\147\072\122\066\166\204\172\063\120\145\140\047\377\032\147\000\117\030\145\066\166\312\166\204\217\336\176\355\140\047\122\006\147\220}{section.5}% 29
